<?xml version="1.0" encoding="UTF-8"?>
<!-- Generated by org.testng.reporters.JUnitXMLReporter -->
<testsuite ignored="0" hostname="NICDM158" failures="0" tests="2" name="Test" time="66.387" errors="0" timestamp="2022-02-04T17:13:46 IST">
  <testcase classname="TestRunner.Testrunner" name="@AfterClass Extentsreport" time="0.055">
    <failure type="java.lang.NullPointerException" message="Cannot invoke &amp;quot;com.aventstack.extentreports.reporter.ExtentHtmlReporter.loadXMLConfig(String)&amp;quot; because the return value of &amp;quot;com.vimalselvam.cucumber.listener.Reporter.getExtentHtmlReport()&amp;quot; is null">
      <![CDATA[java.lang.NullPointerException: Cannot invoke "com.aventstack.extentreports.reporter.ExtentHtmlReporter.loadXMLConfig(String)" because the return value of "com.vimalselvam.cucumber.listener.Reporter.getExtentHtmlReport()" is null
at com.vimalselvam.cucumber.listener.Reporter.loadXMLConfig(Reporter.java:57)
at TestRunner.Testrunner.Extentsreport(Testrunner.java:34)
at java.base/java.util.ArrayList.forEach(ArrayList.java:1511)
... Removed 25 stack frames]]>
    </failure>
  </testcase> <!-- @AfterClass Extentsreport -->
  <testcase classname="io.cucumber.testng.AbstractTestNGCucumberTests" name="runScenario" time="35.67"/>
  <testcase classname="io.cucumber.testng.AbstractTestNGCucumberTests" name="runScenario" time="30.147"/>
</testsuite> <!-- Test -->
